<?xml version="1.0" encoding="UTF-8"?>
<!-- Generated by org.testng.reporters.JUnitXMLReporter -->
<testsuite hostname="DESKTOP-LDCJVTE" ignored="0" name="Surefire test" tests="6" failures="1" timestamp="2021-06-09T19:08:42 EDT" time="14.023" errors="0">
  <testcase name="test" time="0.004" classname="com.crm.qa.testcases.JustATest"/>
  <testcase name="invalidLoginErrorMessageValidation" time="0.723" classname="com.crm.qa.testcases.LoginPageTest"/>
  <testcase name="invalidLoginErrorMessageValidation" time="4.891" classname="com.crm.qa.testcases.LoginPageTest">
    <failure type="org.testng.internal.reflect.MethodMatcherException" message="
[public void com.crm.qa.testcases.LoginPageTest.invalidLoginErrorMessageValidation(java.lang.String,java.lang.String,java.lang.String)] has no parameters defined but was found to be using a data provider (either explicitly specified or inherited from class level annotation).
Data provider mismatch
Method: invalidLoginErrorMessageValidation([Parameter{index=0, type=java.lang.String, declaredAnnotations=[]}, Parameter{index=1, type=java.lang.String, declaredAnnotations=[]}, Parameter{index=2, type=java.lang.String, declaredAnnotations=[]}])
Arguments: [(java.lang.String) Admin1,(java.lang.String) Hum@nhrm123]">
      <![CDATA[org.testng.internal.reflect.MethodMatcherException: 
[public void com.crm.qa.testcases.LoginPageTest.invalidLoginErrorMessageValidation(java.lang.String,java.lang.String,java.lang.String)] has no parameters defined but was found to be using a data provider (either explicitly specified or inherited from class level annotation).
Data provider mismatch
Method: invalidLoginErrorMessageValidation([Parameter{index=0, type=java.lang.String, declaredAnnotations=[]}, Parameter{index=1, type=java.lang.String, declaredAnnotations=[]}, Parameter{index=2, type=java.lang.String, declaredAnnotations=[]}])
Arguments: [(java.lang.String) Admin1,(java.lang.String) Hum@nhrm123]
at java.util.ArrayList.forEach(ArrayList.java:1259)
... Removed 26 stack frames]]>
    </failure>
  </testcase> <!-- invalidLoginErrorMessageValidation -->
  <testcase name="loginPageTitleTest" time="0.018" classname="com.crm.qa.testcases.LoginPageTest"/>
  <testcase name="crmLogoImageTest" time="0.085" classname="com.crm.qa.testcases.LoginPageTest"/>
  <testcase name="loginTest" time="1.464" classname="com.crm.qa.testcases.LoginPageTest"/>
</testsuite> <!-- Surefire test -->
